{"level":"error","message":"Error: undefined"}
{"level":"error"}
{"level":"error","message":"Error: undefined"}
{"level":"error"}
{"level":"error","message":"Error: undefined"}
{"level":"error"}
{"level":"error","message":"Error: undefined"}
{"level":"error"}
{"level":"error","message":"Error: undefined"}
{"level":"error"}
{"level":"error","message":"Error: undefined"}
{"level":"error"}
{"level":"error","message":"Error: undefined"}
{"level":"error"}
{"level":"error","message":"Error: undefined"}
{"level":"error"}
{"level":"error","message":"Error: undefined"}
{"level":"error"}
{"level":"error","message":"Error: undefined"}
{"level":"error"}
{"level":"error","message":"Error: undefined"}
{"level":"error"}
{"level":"error","message":"Error: undefined"}
{"level":"error"}
{"level":"error","message":"Error: undefined"}
{"level":"error"}
{"level":"error","message":"Error: undefined"}
{"level":"error"}
{"level":"error","message":"Esto es un error de prueba"}
{"level":"error","message":500}
{"level":"error"}
{"level":"error","message":500}
{"level":"error"}
{"level":"error","message":500}
{"level":"error"}
{"level":"error"}
{"level":"error","message":500}
{"level":"error"}
{"level":"error"}
{"level":"error","message":500}
{"level":"error"}
{"level":"error"}
{"level":"error","message":500}
{"level":"error"}
{"level":"error"}
{"level":"error","message":500}
{"level":"error"}
{"level":"error","message":500}
{"level":"error"}
{"level":"error"}
{"level":"error","message":500}
{"level":"error"}
{"_message":"Product validation failed","errors":{"category":{"kind":"enum","message":"`Computadoras` is not a valid enum value for path `category`.","name":"ValidatorError","path":"category","properties":{"enumValues":["computers","phones","accesories"],"message":"`Computadoras` is not a valid enum value for path `category`.","path":"category","type":"enum","value":"Computadoras"},"value":"Computadoras"}},"level":"error"}
{"level":"error","message":500}
{"level":"error"}
{"level":"error","message":500}
{"level":"error"}
{"level":"error"}
{"level":"error","message":500}
{"level":"error"}
{"level":"error","message":500}
{"level":"error"}
{"level":"error","message":500}
{"level":"error"}
{"level":"error","message":500}
{"level":"error"}
{"level":"error","message":"Error loading sessionsRoutes: "}
{"level":"error","message":"Error loading sessionsRoutes: "}
{"level":"error","message":"Error loading sessionsRoutes: "}
{"level":"error","message":"Error loading sessionsRoutes: "}
